<?xml version="1.0" encoding="UTF-8"?>
<!-- Generated by org.testng.reporters.JUnitReportReporter -->
<testsuite skipped="0" hostname="DS-C8D9D2199DB8" name="Pageobjectmodule.Readexceldata" tests="1" failures="0" timestamp="18 Feb 2020 07:14:50 GMT" time="0.401" errors="0">
  <testcase name="data" time="0.401" classname="Pageobjectmodule.Readexceldata"/>
</testsuite> <!-- Pageobjectmodule.Readexceldata -->
