<?xml version="1.0" encoding="UTF-8"?>
<!-- Generated by org.testng.reporters.JUnitReportReporter -->
<testsuite skipped="0" hostname="DS-C8D9D2199DB8" name="Testscript.Loginscript" tests="1" failures="0" timestamp="18 Feb 2020 17:54:47 GMT" time="41.443" errors="0">
  <testcase name="testhomepage" time="41.443" classname="Testscript.Loginscript"/>
</testsuite> <!-- Testscript.Loginscript -->
